mode: atomic
cheat-go/pkg/config/loader.go:23.43,27.2 1 12
cheat-go/pkg/config/loader.go:30.42,32.24 1 4
cheat-go/pkg/config/loader.go:32.24,33.62 1 3
cheat-go/pkg/config/loader.go:33.62,35.4 1 1
cheat-go/pkg/config/loader.go:39.2,45.36 2 3
cheat-go/pkg/config/loader.go:45.36,47.62 2 9
cheat-go/pkg/config/loader.go:47.62,49.4 1 1
cheat-go/pkg/config/loader.go:53.2,53.29 1 2
cheat-go/pkg/config/loader.go:57.61,59.16 2 15
cheat-go/pkg/config/loader.go:59.16,61.3 1 10
cheat-go/pkg/config/loader.go:63.2,64.54 2 5
cheat-go/pkg/config/loader.go:64.54,66.3 1 2
cheat-go/pkg/config/loader.go:68.2,68.42 1 3
cheat-go/pkg/config/loader.go:72.74,76.27 2 5
cheat-go/pkg/config/loader.go:76.27,78.3 1 1
cheat-go/pkg/config/loader.go:80.2,80.24 1 5
cheat-go/pkg/config/loader.go:80.24,82.3 1 2
cheat-go/pkg/config/loader.go:84.2,84.37 1 5
cheat-go/pkg/config/loader.go:84.37,86.3 1 3
cheat-go/pkg/config/loader.go:86.8,88.37 1 2
cheat-go/pkg/config/loader.go:88.37,90.4 1 0
cheat-go/pkg/config/loader.go:91.3,91.34 1 2
cheat-go/pkg/config/loader.go:91.34,93.4 1 0
cheat-go/pkg/config/loader.go:96.2,96.31 1 5
cheat-go/pkg/config/loader.go:96.31,98.3 1 3
cheat-go/pkg/config/loader.go:98.8,100.45 1 2
cheat-go/pkg/config/loader.go:100.45,101.50 1 16
cheat-go/pkg/config/loader.go:101.50,103.5 1 6
cheat-go/pkg/config/loader.go:107.2,107.26 1 5
cheat-go/pkg/config/loader.go:107.26,109.3 1 3
cheat-go/pkg/config/loader.go:112.2,113.23 2 5
cheat-go/pkg/config/loader.go:113.23,115.3 1 0
cheat-go/pkg/config/loader.go:117.2,117.20 1 5
cheat-go/pkg/config/loader.go:121.58,123.16 2 4
cheat-go/pkg/config/loader.go:123.16,125.3 1 0
cheat-go/pkg/config/loader.go:128.2,129.47 2 4
cheat-go/pkg/config/loader.go:129.47,131.3 1 1
cheat-go/pkg/config/loader.go:133.2,133.39 1 3
cheat-go/pkg/config/loader.go:137.37,138.38 1 18
cheat-go/pkg/config/loader.go:138.38,140.3 1 9
cheat-go/pkg/config/loader.go:142.2,143.16 2 9
cheat-go/pkg/config/loader.go:143.16,145.3 1 0
cheat-go/pkg/config/loader.go:147.2,147.38 1 9
cheat-go/pkg/config/types.go:52.46,56.28 2 5
cheat-go/pkg/config/types.go:56.28,58.3 1 0
cheat-go/pkg/config/types.go:61.2,61.72 1 5
cheat-go/pkg/config/types.go:61.72,63.3 1 0
cheat-go/pkg/config/types.go:66.2,66.73 1 5
cheat-go/pkg/config/types.go:66.73,68.3 1 0
cheat-go/pkg/config/types.go:70.2,73.3 1 5
cheat-go/pkg/config/types.go:77.43,81.35 2 5
cheat-go/pkg/config/types.go:81.35,82.29 1 10
cheat-go/pkg/config/types.go:82.29,84.4 1 0
cheat-go/pkg/config/types.go:88.2,88.38 1 5
cheat-go/pkg/config/types.go:88.38,90.3 1 0
cheat-go/pkg/config/types.go:93.2,93.41 1 5
cheat-go/pkg/config/types.go:93.41,95.3 1 0
cheat-go/pkg/config/types.go:97.2,97.15 1 5
cheat-go/pkg/config/types.go:101.45,105.44 2 5
cheat-go/pkg/config/types.go:105.44,106.49 1 25
cheat-go/pkg/config/types.go:106.49,108.4 1 0
cheat-go/pkg/config/types.go:112.2,113.38 2 5
cheat-go/pkg/config/types.go:113.38,114.54 1 41
cheat-go/pkg/config/types.go:114.54,116.4 1 0
cheat-go/pkg/config/types.go:117.3,117.25 1 41
cheat-go/pkg/config/types.go:120.2,120.15 1 5
cheat-go/pkg/config/types.go:124.38,125.36 1 5
cheat-go/pkg/config/types.go:125.36,126.21 1 8
cheat-go/pkg/config/types.go:126.21,128.4 1 5
cheat-go/pkg/config/types.go:130.2,130.14 1 0
cheat-go/pkg/config/types.go:134.43,135.41 1 5
cheat-go/pkg/config/types.go:135.41,136.21 1 6
cheat-go/pkg/config/types.go:136.21,138.4 1 5
cheat-go/pkg/config/types.go:140.2,140.14 1 0
cheat-go/pkg/config/types.go:144.40,145.37 1 10
cheat-go/pkg/config/types.go:145.37,146.22 1 15
cheat-go/pkg/config/types.go:146.22,148.4 1 10
cheat-go/pkg/config/types.go:150.2,150.14 1 0
cheat-go/pkg/config/types.go:154.30,176.2 1 13
cheat-go/pkg/apps/registry.go:27.44,37.2 3 16
cheat-go/pkg/apps/registry.go:40.54,41.32 1 1
cheat-go/pkg/apps/registry.go:41.32,42.41 1 3
cheat-go/pkg/apps/registry.go:42.41,44.12 1 1
cheat-go/pkg/apps/registry.go:47.2,47.12 1 1
cheat-go/pkg/apps/registry.go:51.53,52.21 1 0
cheat-go/pkg/apps/registry.go:52.21,54.3 1 0
cheat-go/pkg/apps/registry.go:56.2,58.16 3 0
cheat-go/pkg/apps/registry.go:58.16,60.3 1 0
cheat-go/pkg/apps/registry.go:62.2,62.32 1 0
cheat-go/pkg/apps/registry.go:62.32,63.20 1 0
cheat-go/pkg/apps/registry.go:63.20,64.12 1 0
cheat-go/pkg/apps/registry.go:67.3,68.76 2 0
cheat-go/pkg/apps/registry.go:68.76,69.12 1 0
cheat-go/pkg/apps/registry.go:73.3,74.44 2 0
cheat-go/pkg/apps/registry.go:74.44,76.12 1 0
cheat-go/pkg/apps/registry.go:80.2,80.12 1 0
cheat-go/pkg/apps/registry.go:84.47,86.21 1 8
cheat-go/pkg/apps/registry.go:86.21,88.57 2 8
cheat-go/pkg/apps/registry.go:88.57,91.4 2 3
cheat-go/pkg/apps/registry.go:95.2,95.38 1 5
cheat-go/pkg/apps/registry.go:95.38,97.3 1 1
cheat-go/pkg/apps/registry.go:99.2,99.23 1 4
cheat-go/pkg/apps/registry.go:103.63,105.16 2 13
cheat-go/pkg/apps/registry.go:105.16,107.3 1 7
cheat-go/pkg/apps/registry.go:109.2,110.51 2 6
cheat-go/pkg/apps/registry.go:110.51,112.3 1 2
cheat-go/pkg/apps/registry.go:115.2,115.44 1 4
cheat-go/pkg/apps/registry.go:115.44,117.3 1 0
cheat-go/pkg/apps/registry.go:119.2,119.18 1 4
cheat-go/pkg/apps/registry.go:123.48,127.20 2 4
cheat-go/pkg/apps/registry.go:127.20,129.3 1 0
cheat-go/pkg/apps/registry.go:131.2,131.27 1 4
cheat-go/pkg/apps/registry.go:131.27,133.3 1 0
cheat-go/pkg/apps/registry.go:136.2,136.41 1 4
cheat-go/pkg/apps/registry.go:136.41,137.26 1 1
cheat-go/pkg/apps/registry.go:137.26,139.4 1 0
cheat-go/pkg/apps/registry.go:140.3,140.33 1 1
cheat-go/pkg/apps/registry.go:140.33,142.4 1 0
cheat-go/pkg/apps/registry.go:145.2,145.21 1 4
cheat-go/pkg/apps/registry.go:145.21,147.3 1 0
cheat-go/pkg/apps/registry.go:149.2,149.12 1 4
cheat-go/pkg/apps/registry.go:153.44,154.21 1 0
cheat-go/pkg/apps/registry.go:154.21,156.3 1 0
cheat-go/pkg/apps/registry.go:159.2,159.43 1 0
cheat-go/pkg/apps/registry.go:159.43,161.3 1 0
cheat-go/pkg/apps/registry.go:163.2,166.55 2 0
cheat-go/pkg/apps/registry.go:166.55,168.3 1 0
cheat-go/pkg/apps/registry.go:170.2,172.16 3 0
cheat-go/pkg/apps/registry.go:172.16,174.3 1 0
cheat-go/pkg/apps/registry.go:176.2,176.58 1 0
cheat-go/pkg/apps/registry.go:176.58,178.3 1 0
cheat-go/pkg/apps/registry.go:181.2,183.12 2 0
cheat-go/pkg/apps/registry.go:187.40,256.37 3 16
cheat-go/pkg/apps/registry.go:256.37,260.37 3 144
cheat-go/pkg/apps/registry.go:260.37,261.33 1 864
cheat-go/pkg/apps/registry.go:261.33,267.5 1 688
cheat-go/pkg/apps/registry.go:272.2,272.27 1 16
cheat-go/pkg/apps/registry.go:272.27,274.3 1 96
cheat-go/pkg/apps/registry.go:278.63,286.35 5 5
cheat-go/pkg/apps/registry.go:286.35,287.44 1 8
cheat-go/pkg/apps/registry.go:287.44,288.43 1 6
cheat-go/pkg/apps/registry.go:288.43,289.57 1 48
cheat-go/pkg/apps/registry.go:289.57,291.48 2 27
cheat-go/pkg/apps/registry.go:291.48,293.7 1 54
cheat-go/pkg/apps/registry.go:295.5,295.57 1 48
cheat-go/pkg/apps/registry.go:301.2,302.46 2 5
cheat-go/pkg/apps/registry.go:302.46,307.3 4 27
cheat-go/pkg/apps/registry.go:309.2,309.13 1 5
cheat-go/pkg/apps/registry.go:313.80,315.17 1 3
cheat-go/pkg/apps/registry.go:315.17,317.3 1 1
cheat-go/pkg/apps/registry.go:320.2,326.35 5 2
cheat-go/pkg/apps/registry.go:326.35,327.44 1 4
cheat-go/pkg/apps/registry.go:327.44,328.43 1 4
cheat-go/pkg/apps/registry.go:328.43,330.43 1 32
cheat-go/pkg/apps/registry.go:330.43,331.58 1 4
cheat-go/pkg/apps/registry.go:331.58,333.49 2 4
cheat-go/pkg/apps/registry.go:333.49,335.8 1 8
cheat-go/pkg/apps/registry.go:337.6,337.58 1 4
cheat-go/pkg/apps/registry.go:344.2,345.46 2 2
cheat-go/pkg/apps/registry.go:345.46,350.3 4 4
cheat-go/pkg/apps/registry.go:352.2,352.13 1 2
cheat-go/pkg/apps/registry.go:356.74,360.66 2 126
cheat-go/pkg/apps/registry.go:360.66,362.3 1 3
cheat-go/pkg/apps/registry.go:365.2,365.73 1 123
cheat-go/pkg/apps/registry.go:365.73,367.3 1 12
cheat-go/pkg/apps/registry.go:370.2,370.70 1 111
cheat-go/pkg/apps/registry.go:370.70,372.3 1 2
cheat-go/pkg/apps/registry.go:374.2,374.14 1 109
cheat-go/pkg/apps/registry.go:378.67,382.47 3 2
cheat-go/pkg/apps/registry.go:382.47,383.42 1 12
cheat-go/pkg/apps/registry.go:383.42,384.42 1 86
cheat-go/pkg/apps/registry.go:384.42,390.5 1 6
cheat-go/pkg/apps/registry.go:394.2,394.16 1 2
cheat-go/pkg/apps/registry.go:398.84,401.66 2 6
cheat-go/pkg/apps/registry.go:401.66,403.3 1 0
cheat-go/pkg/apps/registry.go:404.2,404.73 1 6
cheat-go/pkg/apps/registry.go:404.73,406.3 1 6
cheat-go/pkg/apps/registry.go:407.2,407.70 1 6
cheat-go/pkg/apps/registry.go:407.70,409.3 1 0
cheat-go/pkg/apps/registry.go:411.2,411.16 1 6
cheat-go/pkg/apps/registry.go:415.37,416.38 1 10
cheat-go/pkg/apps/registry.go:416.38,418.3 1 6
cheat-go/pkg/apps/registry.go:420.2,421.16 2 4
cheat-go/pkg/apps/registry.go:421.16,423.3 1 0
cheat-go/pkg/apps/registry.go:425.2,425.38 1 4
cheat-go/pkg/apps/types.go:28.36,32.2 1 21
cheat-go/pkg/apps/types.go:35.42,37.2 1 105
cheat-go/pkg/apps/types.go:40.53,43.2 2 31
cheat-go/pkg/apps/types.go:46.48,48.2 1 3
cheat-go/pkg/apps/types.go:51.39,53.27 2 2
cheat-go/pkg/apps/types.go:53.27,55.3 1 2
cheat-go/pkg/apps/types.go:56.2,56.14 1 2
cheat-go/pkg/cache/cache.go:57.57,70.2 3 0
cheat-go/pkg/cache/cache.go:72.57,77.13 4 0
cheat-go/pkg/cache/cache.go:77.13,80.3 2 0
cheat-go/pkg/cache/cache.go:83.2,86.38 3 0
cheat-go/pkg/cache/cache.go:86.38,90.3 3 0
cheat-go/pkg/cache/cache.go:92.2,96.25 4 0
cheat-go/pkg/cache/cache.go:99.80,105.22 4 0
cheat-go/pkg/cache/cache.go:105.22,107.3 1 0
cheat-go/pkg/cache/cache.go:110.2,110.45 1 0
cheat-go/pkg/cache/cache.go:110.45,121.3 10 0
cheat-go/pkg/cache/cache.go:124.2,124.60 1 0
cheat-go/pkg/cache/cache.go:124.60,126.3 1 0
cheat-go/pkg/cache/cache.go:128.2,140.12 5 0
cheat-go/pkg/cache/cache.go:143.45,148.13 4 0
cheat-go/pkg/cache/cache.go:148.13,150.3 1 0
cheat-go/pkg/cache/cache.go:152.2,153.12 2 0
cheat-go/pkg/cache/cache.go:156.34,165.2 6 0
cheat-go/pkg/cache/cache.go:167.39,175.2 5 0
cheat-go/pkg/cache/cache.go:177.27,179.2 1 0
cheat-go/pkg/cache/cache.go:181.34,185.6 3 0
cheat-go/pkg/cache/cache.go:185.6,186.10 1 0
cheat-go/pkg/cache/cache.go:187.19,188.15 1 0
cheat-go/pkg/cache/cache.go:189.24,190.10 1 0
cheat-go/pkg/cache/cache.go:195.30,201.47 4 0
cheat-go/pkg/cache/cache.go:201.47,203.32 2 0
cheat-go/pkg/cache/cache.go:203.32,207.4 3 0
cheat-go/pkg/cache/cache.go:207.9,208.9 1 0
cheat-go/pkg/cache/cache.go:212.2,212.25 1 0
cheat-go/pkg/cache/cache.go:215.34,217.17 2 0
cheat-go/pkg/cache/cache.go:217.17,220.3 2 0
cheat-go/pkg/cache/cache.go:223.54,228.2 4 0
cheat-go/pkg/cache/cache.go:230.58,233.16 2 0
cheat-go/pkg/cache/cache.go:233.16,235.3 1 0
cheat-go/pkg/cache/cache.go:236.2,236.25 1 0
cheat-go/pkg/cache/cache.go:247.75,248.52 1 0
cheat-go/pkg/cache/cache.go:248.52,250.3 1 0
cheat-go/pkg/cache/cache.go:252.2,259.19 3 0
cheat-go/pkg/cache/cache.go:262.58,269.16 5 0
cheat-go/pkg/cache/cache.go:269.16,270.25 1 0
cheat-go/pkg/cache/cache.go:270.25,273.4 2 0
cheat-go/pkg/cache/cache.go:274.3,274.18 1 0
cheat-go/pkg/cache/cache.go:277.2,277.40 1 0
cheat-go/pkg/cache/cache.go:277.40,281.3 3 0
cheat-go/pkg/cache/cache.go:283.2,284.16 2 0
cheat-go/pkg/cache/cache.go:284.16,286.3 1 0
cheat-go/pkg/cache/cache.go:288.2,289.53 2 0
cheat-go/pkg/cache/cache.go:289.53,291.3 1 0
cheat-go/pkg/cache/cache.go:293.2,294.19 2 0
cheat-go/pkg/cache/cache.go:297.81,302.16 4 0
cheat-go/pkg/cache/cache.go:302.16,304.3 1 0
cheat-go/pkg/cache/cache.go:306.2,307.43 2 0
cheat-go/pkg/cache/cache.go:310.46,316.44 4 0
cheat-go/pkg/cache/cache.go:316.44,317.25 1 0
cheat-go/pkg/cache/cache.go:317.25,319.4 1 0
cheat-go/pkg/cache/cache.go:320.3,320.13 1 0
cheat-go/pkg/cache/cache.go:323.2,323.12 1 0
cheat-go/pkg/cache/cache.go:326.35,331.16 4 0
cheat-go/pkg/cache/cache.go:331.16,333.3 1 0
cheat-go/pkg/cache/cache.go:335.2,335.32 1 0
cheat-go/pkg/cache/cache.go:335.32,336.63 1 0
cheat-go/pkg/cache/cache.go:336.63,338.4 1 0
cheat-go/pkg/cache/cache.go:341.2,341.12 1 0
cheat-go/pkg/cache/cache.go:344.40,352.32 6 0
cheat-go/pkg/cache/cache.go:352.32,353.63 1 0
cheat-go/pkg/cache/cache.go:353.63,355.45 2 0
cheat-go/pkg/cache/cache.go:355.45,357.5 1 0
cheat-go/pkg/cache/cache.go:361.2,361.16 1 0
cheat-go/pkg/cache/cache.go:364.52,367.2 1 0
cheat-go/pkg/cache/cache.go:369.35,373.21 3 0
cheat-go/pkg/cache/cache.go:373.21,375.3 1 0
cheat-go/pkg/cache/cache.go:378.31,383.16 4 0
cheat-go/pkg/cache/cache.go:383.16,385.3 1 0
cheat-go/pkg/cache/cache.go:387.2,389.32 2 0
cheat-go/pkg/cache/cache.go:389.32,390.63 1 0
cheat-go/pkg/cache/cache.go:390.63,392.45 2 0
cheat-go/pkg/cache/cache.go:392.45,393.40 1 0
cheat-go/pkg/cache/cache.go:393.40,396.6 2 0
cheat-go/pkg/cache/cache.go:401.2,401.25 1 0
cheat-go/pkg/cache/cache.go:411.116,413.16 2 0
cheat-go/pkg/cache/cache.go:413.16,415.3 1 0
cheat-go/pkg/cache/cache.go:417.2,420.8 1 0
cheat-go/pkg/cache/cache.go:423.64,425.49 1 0
cheat-go/pkg/cache/cache.go:425.49,427.3 1 0
cheat-go/pkg/cache/cache.go:430.2,431.16 2 0
cheat-go/pkg/cache/cache.go:431.16,433.3 1 0
cheat-go/pkg/cache/cache.go:436.2,438.19 2 0
cheat-go/pkg/cache/cache.go:441.87,443.54 1 0
cheat-go/pkg/cache/cache.go:443.54,446.3 1 0
cheat-go/pkg/cache/cache.go:448.2,448.36 1 0
cheat-go/pkg/cache/cache.go:451.52,454.2 2 0
cheat-go/pkg/cache/cache.go:456.41,459.2 2 0
cheat-go/pkg/cache/cache.go:461.46,473.2 3 0
cheat-go/main.go:89.18,151.2 1 0
cheat-go/main.go:153.21,155.2 1 0
cheat-go/main.go:157.30,174.22 13 0
cheat-go/main.go:174.22,177.33 3 0
cheat-go/main.go:177.33,178.23 1 0
cheat-go/main.go:178.23,180.10 2 0
cheat-go/main.go:183.3,183.13 1 0
cheat-go/main.go:183.13,187.4 2 0
cheat-go/main.go:191.2,191.27 1 0
cheat-go/main.go:191.27,194.33 3 0
cheat-go/main.go:194.33,195.28 1 0
cheat-go/main.go:195.28,197.10 2 0
cheat-go/main.go:200.3,200.13 1 0
cheat-go/main.go:200.13,204.4 2 0
cheat-go/main.go:207.2,207.13 1 0
cheat-go/main.go:210.42,214.16 3 41
cheat-go/main.go:214.16,217.3 2 0
cheat-go/main.go:220.2,220.22 1 41
cheat-go/main.go:220.22,222.3 1 41
cheat-go/main.go:223.2,223.27 1 41
cheat-go/main.go:223.27,225.3 1 41
cheat-go/main.go:228.2,229.52 2 41
cheat-go/main.go:229.52,231.3 1 0
cheat-go/main.go:234.2,267.23 9 41
cheat-go/main.go:267.23,269.3 1 41
cheat-go/main.go:270.2,277.23 3 41
cheat-go/main.go:277.23,279.3 1 41
cheat-go/main.go:280.2,289.10 4 41
cheat-go/main.go:292.31,294.2 1 1
cheat-go/main.go:296.57,297.27 1 57
cheat-go/main.go:298.18,300.21 1 57
cheat-go/main.go:301.17,302.20 1 57
cheat-go/main.go:302.20,304.5 1 7
cheat-go/main.go:305.4,305.20 1 50
cheat-go/main.go:305.20,307.5 1 4
cheat-go/main.go:308.4,308.18 1 46
cheat-go/main.go:308.18,310.5 1 0
cheat-go/main.go:311.4,311.33 1 46
cheat-go/main.go:312.18,313.34 1 0
cheat-go/main.go:314.20,315.36 1 0
cheat-go/main.go:316.19,317.35 1 0
cheat-go/main.go:318.17,319.33 1 0
cheat-go/main.go:320.17,321.33 1 0
cheat-go/main.go:324.2,324.15 1 0
cheat-go/main.go:327.69,328.22 1 46
cheat-go/main.go:329.21,330.21 1 6
cheat-go/main.go:331.11,334.16 3 1
cheat-go/main.go:335.11,337.16 2 1
cheat-go/main.go:338.21,340.16 2 2
cheat-go/main.go:341.11,345.16 3 0
cheat-go/main.go:346.11,350.16 3 0
cheat-go/main.go:351.11,355.16 3 0
cheat-go/main.go:356.11,360.16 3 0
cheat-go/main.go:361.16,365.16 2 0
cheat-go/main.go:366.17,367.20 1 7
cheat-go/main.go:367.20,369.4 1 4
cheat-go/main.go:370.3,370.16 1 7
cheat-go/main.go:371.19,372.32 1 8
cheat-go/main.go:372.32,374.4 1 6
cheat-go/main.go:375.3,375.16 1 8
cheat-go/main.go:376.19,377.20 1 6
cheat-go/main.go:377.20,379.4 1 4
cheat-go/main.go:380.3,380.16 1 6
cheat-go/main.go:381.20,382.35 1 6
cheat-go/main.go:382.35,384.4 1 5
cheat-go/main.go:385.3,385.16 1 6
cheat-go/main.go:386.24,388.16 2 1
cheat-go/main.go:389.23,391.16 2 1
cheat-go/main.go:392.16,396.16 3 1
cheat-go/main.go:397.23,404.16 6 1
cheat-go/main.go:406.2,406.15 1 5
cheat-go/main.go:409.70,410.22 1 0
cheat-go/main.go:411.18,413.16 2 0
cheat-go/main.go:414.17,415.23 1 0
cheat-go/main.go:415.23,417.4 1 0
cheat-go/main.go:418.3,418.16 1 0
cheat-go/main.go:419.19,420.40 1 0
cheat-go/main.go:420.40,422.4 1 0
cheat-go/main.go:423.3,423.16 1 0
cheat-go/main.go:424.11,433.17 3 0
cheat-go/main.go:433.17,435.4 1 0
cheat-go/main.go:435.9,438.4 2 0
cheat-go/main.go:439.3,439.16 1 0
cheat-go/main.go:440.11,442.38 1 0
cheat-go/main.go:442.38,446.18 4 0
cheat-go/main.go:446.18,448.5 1 0
cheat-go/main.go:448.10,451.5 2 0
cheat-go/main.go:453.3,453.16 1 0
cheat-go/main.go:454.11,456.38 1 0
cheat-go/main.go:456.38,461.4 4 0
cheat-go/main.go:462.3,462.16 1 0
cheat-go/main.go:463.11,465.38 1 0
cheat-go/main.go:465.38,469.4 3 0
cheat-go/main.go:470.3,470.16 1 0
cheat-go/main.go:472.2,472.15 1 0
cheat-go/main.go:475.72,476.22 1 0
cheat-go/main.go:477.18,479.16 2 0
cheat-go/main.go:480.17,481.25 1 0
cheat-go/main.go:481.25,483.4 1 0
cheat-go/main.go:484.3,484.16 1 0
cheat-go/main.go:485.19,486.44 1 0
cheat-go/main.go:486.44,488.4 1 0
cheat-go/main.go:489.3,489.16 1 0
cheat-go/main.go:490.11,492.42 1 0
cheat-go/main.go:492.42,495.4 2 0
cheat-go/main.go:496.3,496.16 1 0
cheat-go/main.go:497.11,499.42 1 0
cheat-go/main.go:499.42,504.4 4 0
cheat-go/main.go:505.3,505.16 1 0
cheat-go/main.go:506.11,511.16 4 0
cheat-go/main.go:513.2,513.15 1 0
cheat-go/main.go:516.71,517.22 1 0
cheat-go/main.go:518.18,520.16 2 0
cheat-go/main.go:521.17,522.23 1 0
cheat-go/main.go:522.23,524.4 1 0
cheat-go/main.go:525.3,525.16 1 0
cheat-go/main.go:526.19,527.40 1 0
cheat-go/main.go:527.40,529.4 1 0
cheat-go/main.go:530.3,530.16 1 0
cheat-go/main.go:531.15,533.38 1 0
cheat-go/main.go:533.38,536.4 2 0
cheat-go/main.go:537.3,537.16 1 0
cheat-go/main.go:538.11,540.41 1 0
cheat-go/main.go:540.41,544.4 2 0
cheat-go/main.go:545.3,545.16 1 0
cheat-go/main.go:546.11,549.16 2 0
cheat-go/main.go:551.2,551.15 1 0
cheat-go/main.go:554.69,555.22 1 0
cheat-go/main.go:556.18,558.16 2 0
cheat-go/main.go:559.11,562.27 2 0
cheat-go/main.go:562.27,564.4 1 0
cheat-go/main.go:565.3,565.16 1 0
cheat-go/main.go:566.11,569.16 2 0
cheat-go/main.go:570.11,572.27 1 0
cheat-go/main.go:572.27,575.4 1 0
cheat-go/main.go:576.3,576.16 1 0
cheat-go/main.go:578.2,578.15 1 0
cheat-go/main.go:581.71,582.22 1 7
cheat-go/main.go:583.16,584.21 1 0
cheat-go/main.go:585.23,591.16 6 2
cheat-go/main.go:592.16,594.16 2 1
cheat-go/main.go:595.15,597.26 2 2
cheat-go/main.go:597.26,600.4 2 0
cheat-go/main.go:600.9,603.4 2 2
cheat-go/main.go:604.3,605.16 2 2
cheat-go/main.go:606.19,607.29 1 1
cheat-go/main.go:607.29,609.4 1 1
cheat-go/main.go:610.3,610.16 1 1
cheat-go/main.go:611.10,612.29 1 1
cheat-go/main.go:612.29,614.4 1 1
cheat-go/main.go:615.3,615.16 1 1
cheat-go/main.go:619.71,620.22 1 4
cheat-go/main.go:621.16,622.21 1 0
cheat-go/main.go:623.23,626.16 2 0
cheat-go/main.go:627.16,630.16 2 0
cheat-go/main.go:631.15,634.31 2 0
cheat-go/main.go:634.31,637.4 1 0
cheat-go/main.go:637.9,640.4 1 0
cheat-go/main.go:641.3,642.16 2 0
cheat-go/main.go:643.51,646.32 2 2
cheat-go/main.go:646.32,650.40 3 2
cheat-go/main.go:650.40,651.24 1 1
cheat-go/main.go:651.24,655.11 3 1
cheat-go/main.go:658.4,658.14 1 2
cheat-go/main.go:658.14,661.5 1 1
cheat-go/main.go:663.3,663.16 1 2
cheat-go/main.go:664.11,667.16 2 1
cheat-go/main.go:668.11,672.16 3 1
cheat-go/main.go:674.2,674.15 1 0
cheat-go/main.go:677.69,678.22 1 0
cheat-go/main.go:679.23,682.16 3 0
cheat-go/main.go:684.2,684.15 1 0
cheat-go/main.go:688.29,692.2 3 0
cheat-go/main.go:694.31,697.2 2 0
cheat-go/main.go:699.36,703.2 3 0
cheat-go/main.go:705.49,712.2 3 0
cheat-go/main.go:714.34,715.26 1 0
cheat-go/main.go:715.26,717.3 1 0
cheat-go/main.go:717.8,723.3 1 0
cheat-go/main.go:726.30,727.20 1 11
cheat-go/main.go:728.17,729.23 1 0
cheat-go/main.go:730.19,731.25 1 0
cheat-go/main.go:732.18,733.24 1 0
cheat-go/main.go:734.16,735.22 1 0
cheat-go/main.go:736.16,737.22 1 1
cheat-go/main.go:738.10,739.22 1 10
cheat-go/main.go:743.34,758.18 5 10
cheat-go/main.go:758.18,760.3 1 2
cheat-go/main.go:760.8,760.25 1 8
cheat-go/main.go:760.25,762.33 2 1
cheat-go/main.go:762.33,764.44 2 2
cheat-go/main.go:764.44,765.24 1 2
cheat-go/main.go:765.24,767.11 2 1
cheat-go/main.go:770.4,770.18 1 2
cheat-go/main.go:770.18,772.5 1 1
cheat-go/main.go:772.10,774.5 1 1
cheat-go/main.go:776.3,776.90 1 1
cheat-go/main.go:777.8,779.3 1 7
cheat-go/main.go:781.2,781.27 1 10
cheat-go/main.go:781.27,783.3 1 0
cheat-go/main.go:785.2,785.24 1 10
cheat-go/main.go:788.35,793.27 3 0
cheat-go/main.go:793.27,795.3 1 0
cheat-go/main.go:795.8,796.36 1 0
cheat-go/main.go:796.36,797.14 1 0
cheat-go/main.go:797.14,799.10 2 0
cheat-go/main.go:802.4,803.25 2 0
cheat-go/main.go:803.25,805.5 1 0
cheat-go/main.go:807.4,808.23 2 0
cheat-go/main.go:808.23,810.5 1 0
cheat-go/main.go:812.4,813.22 2 0
cheat-go/main.go:813.22,815.5 1 0
cheat-go/main.go:816.4,816.58 1 0
cheat-go/main.go:820.2,823.27 3 0
cheat-go/main.go:823.27,825.3 1 0
cheat-go/main.go:827.2,827.24 1 0
cheat-go/main.go:830.37,835.29 3 0
cheat-go/main.go:835.29,837.3 1 0
cheat-go/main.go:837.8,838.40 1 0
cheat-go/main.go:838.40,839.14 1 0
cheat-go/main.go:839.14,841.10 2 0
cheat-go/main.go:844.4,845.27 2 0
cheat-go/main.go:845.27,847.5 1 0
cheat-go/main.go:849.4,850.22 2 0
cheat-go/main.go:850.22,852.5 1 0
cheat-go/main.go:853.4,853.58 1 0
cheat-go/main.go:857.2,860.27 3 0
cheat-go/main.go:860.27,862.3 1 0
cheat-go/main.go:864.2,864.24 1 0
cheat-go/main.go:867.36,872.27 3 0
cheat-go/main.go:872.27,874.3 1 0
cheat-go/main.go:874.8,875.36 1 0
cheat-go/main.go:875.36,877.25 2 0
cheat-go/main.go:877.25,879.5 1 0
cheat-go/main.go:881.4,882.22 2 0
cheat-go/main.go:882.22,884.5 1 0
cheat-go/main.go:885.4,885.58 1 0
cheat-go/main.go:889.2,889.28 1 0
cheat-go/main.go:889.28,892.39 3 0
cheat-go/main.go:892.39,893.13 1 0
cheat-go/main.go:893.13,894.10 1 0
cheat-go/main.go:896.4,897.22 2 0
cheat-go/main.go:897.22,899.5 1 0
cheat-go/main.go:900.4,900.58 1 0
cheat-go/main.go:904.2,907.27 3 0
cheat-go/main.go:907.27,909.3 1 0
cheat-go/main.go:911.2,911.24 1 0
cheat-go/main.go:914.34,919.26 3 0
cheat-go/main.go:919.26,922.3 2 0
cheat-go/main.go:922.8,924.29 2 0
cheat-go/main.go:924.29,926.4 1 0
cheat-go/main.go:928.3,929.38 2 0
cheat-go/main.go:929.38,931.4 1 0
cheat-go/main.go:933.3,937.32 4 0
cheat-go/main.go:937.32,939.4 1 0
cheat-go/main.go:942.2,945.27 3 0
cheat-go/main.go:945.27,947.3 1 0
cheat-go/main.go:949.2,949.24 1 0
cheat-go/main.go:952.34,983.2 1 1
cheat-go/main.go:985.60,986.17 1 4
cheat-go/main.go:986.17,988.3 1 1
cheat-go/main.go:990.2,992.24 2 3
cheat-go/main.go:992.24,994.3 1 3
cheat-go/main.go:997.2,997.38 1 3
cheat-go/main.go:997.38,1000.28 2 9
cheat-go/main.go:1000.28,1001.71 1 24
cheat-go/main.go:1001.71,1003.10 2 3
cheat-go/main.go:1008.2,1008.17 1 3
cheat-go/main.go:1011.51,1012.38 1 3
cheat-go/main.go:1012.38,1013.22 1 5
cheat-go/main.go:1013.22,1015.4 1 2
cheat-go/main.go:1017.2,1017.14 1 1
cheat-go/main.go:1020.13,1023.19 2 0
cheat-go/main.go:1023.19,1026.3 2 0
cheat-go/main.go:1028.2,1028.22 1 0
cheat-go/main.go:1028.22,1031.3 2 0
cheat-go/main.go:1033.2,1034.35 2 0
cheat-go/main.go:1034.35,1037.3 2 0
cheat-go/pkg/notes/manager.go:31.59,32.51 1 13
cheat-go/pkg/notes/manager.go:32.51,34.3 1 0
cheat-go/pkg/notes/manager.go:36.2,41.39 2 13
cheat-go/pkg/notes/manager.go:41.39,43.3 1 0
cheat-go/pkg/notes/manager.go:45.2,45.16 1 13
cheat-go/pkg/notes/manager.go:48.42,51.54 2 13
cheat-go/pkg/notes/manager.go:51.54,53.3 1 12
cheat-go/pkg/notes/manager.go:55.2,56.16 2 1
cheat-go/pkg/notes/manager.go:56.16,58.3 1 0
cheat-go/pkg/notes/manager.go:60.2,61.53 2 1
cheat-go/pkg/notes/manager.go:61.53,63.3 1 0
cheat-go/pkg/notes/manager.go:65.2,65.29 1 1
cheat-go/pkg/notes/manager.go:65.29,67.3 1 1
cheat-go/pkg/notes/manager.go:69.2,69.12 1 1
cheat-go/pkg/notes/manager.go:72.42,76.32 3 23
cheat-go/pkg/notes/manager.go:76.32,78.3 1 27
cheat-go/pkg/notes/manager.go:80.2,81.16 2 23
cheat-go/pkg/notes/manager.go:81.16,83.3 1 0
cheat-go/pkg/notes/manager.go:85.2,85.60 1 23
cheat-go/pkg/notes/manager.go:85.60,87.3 1 0
cheat-go/pkg/notes/manager.go:89.2,89.12 1 23
cheat-go/pkg/notes/manager.go:92.53,96.19 3 15
cheat-go/pkg/notes/manager.go:96.19,98.3 1 12
cheat-go/pkg/notes/manager.go:100.2,100.44 1 15
cheat-go/pkg/notes/manager.go:100.44,102.3 1 1
cheat-go/pkg/notes/manager.go:104.2,108.23 4 14
cheat-go/pkg/notes/manager.go:111.58,116.13 4 12
cheat-go/pkg/notes/manager.go:116.13,118.3 1 2
cheat-go/pkg/notes/manager.go:120.2,120.18 1 10
cheat-go/pkg/notes/manager.go:123.71,128.13 4 3
cheat-go/pkg/notes/manager.go:128.13,130.3 1 0
cheat-go/pkg/notes/manager.go:132.2,137.23 5 3
cheat-go/pkg/notes/manager.go:140.52,144.40 3 2
cheat-go/pkg/notes/manager.go:144.40,146.3 1 1
cheat-go/pkg/notes/manager.go:148.2,149.23 2 1
cheat-go/pkg/notes/manager.go:152.73,158.32 4 6
cheat-go/pkg/notes/manager.go:158.32,159.40 1 18
cheat-go/pkg/notes/manager.go:159.40,160.12 1 10
cheat-go/pkg/notes/manager.go:162.3,162.34 1 8
cheat-go/pkg/notes/manager.go:165.2,167.49 2 6
cheat-go/pkg/notes/manager.go:167.49,169.3 1 0
cheat-go/pkg/notes/manager.go:171.2,171.21 1 6
cheat-go/pkg/notes/manager.go:174.53,179.32 4 2
cheat-go/pkg/notes/manager.go:179.32,181.3 1 3
cheat-go/pkg/notes/manager.go:183.2,184.19 2 2
cheat-go/pkg/notes/manager.go:187.87,192.13 4 1
cheat-go/pkg/notes/manager.go:192.13,194.3 1 0
cheat-go/pkg/notes/manager.go:196.2,199.23 3 1
cheat-go/pkg/notes/manager.go:202.87,207.13 4 2
cheat-go/pkg/notes/manager.go:207.13,209.3 1 0
cheat-go/pkg/notes/manager.go:211.2,211.63 1 2
cheat-go/pkg/notes/manager.go:211.63,213.3 1 1
cheat-go/pkg/notes/manager.go:215.2,218.23 3 1
cheat-go/pkg/notes/manager.go:221.56,226.13 4 2
cheat-go/pkg/notes/manager.go:226.13,228.3 1 0
cheat-go/pkg/notes/manager.go:230.2,233.23 3 2
cheat-go/pkg/notes/manager.go:236.67,241.32 4 4
cheat-go/pkg/notes/manager.go:241.32,243.3 1 8
cheat-go/pkg/notes/manager.go:245.2,245.16 1 4
cheat-go/pkg/notes/manager.go:246.14,247.45 1 1
cheat-go/pkg/notes/manager.go:248.21,249.29 1 1
cheat-go/pkg/notes/manager.go:250.24,251.38 1 1
cheat-go/pkg/notes/manager.go:252.10,253.31 1 1
cheat-go/pkg/notes/manager.go:257.70,260.16 2 1
cheat-go/pkg/notes/manager.go:261.14,262.54 1 1
cheat-go/pkg/notes/manager.go:262.54,264.4 1 0
cheat-go/pkg/notes/manager.go:265.21,266.54 1 0
cheat-go/pkg/notes/manager.go:266.54,268.4 1 0
cheat-go/pkg/notes/manager.go:269.10,270.26 1 0
cheat-go/pkg/notes/manager.go:273.2,276.29 3 1
cheat-go/pkg/notes/manager.go:276.29,277.20 1 2
cheat-go/pkg/notes/manager.go:277.20,279.4 1 0
cheat-go/pkg/notes/manager.go:280.3,280.46 1 2
cheat-go/pkg/notes/manager.go:280.46,282.4 1 2
cheat-go/pkg/notes/manager.go:285.2,285.23 1 1
cheat-go/pkg/notes/manager.go:288.64,289.22 1 18
cheat-go/pkg/notes/manager.go:289.22,292.60 2 3
cheat-go/pkg/notes/manager.go:292.60,294.4 1 1
cheat-go/pkg/notes/manager.go:297.2,297.56 1 17
cheat-go/pkg/notes/manager.go:297.56,299.3 1 3
cheat-go/pkg/notes/manager.go:301.2,301.59 1 14
cheat-go/pkg/notes/manager.go:301.59,303.3 1 1
cheat-go/pkg/notes/manager.go:305.2,305.44 1 13
cheat-go/pkg/notes/manager.go:305.44,307.3 1 2
cheat-go/pkg/notes/manager.go:309.2,309.24 1 11
cheat-go/pkg/notes/manager.go:309.24,311.39 2 5
cheat-go/pkg/notes/manager.go:311.39,312.38 1 5
cheat-go/pkg/notes/manager.go:312.38,313.29 1 10
cheat-go/pkg/notes/manager.go:313.29,315.11 2 2
cheat-go/pkg/notes/manager.go:318.4,318.14 1 5
cheat-go/pkg/notes/manager.go:318.14,319.10 1 2
cheat-go/pkg/notes/manager.go:322.3,322.14 1 5
cheat-go/pkg/notes/manager.go:322.14,324.4 1 3
cheat-go/pkg/notes/manager.go:327.2,327.13 1 8
cheat-go/pkg/notes/manager.go:330.46,331.16 1 11
cheat-go/pkg/notes/manager.go:332.15,333.41 1 1
cheat-go/pkg/notes/manager.go:333.41,335.4 1 2
cheat-go/pkg/notes/manager.go:336.20,337.41 1 1
cheat-go/pkg/notes/manager.go:337.41,339.4 1 3
cheat-go/pkg/notes/manager.go:340.24,341.41 1 9
cheat-go/pkg/notes/manager.go:341.41,343.4 1 6
cheat-go/pkg/notes/manager.go:347.45,352.29 3 1
cheat-go/pkg/notes/manager.go:352.29,353.22 1 2
cheat-go/pkg/notes/manager.go:353.22,355.4 1 1
cheat-go/pkg/notes/manager.go:356.3,358.25 2 2
cheat-go/pkg/notes/manager.go:358.25,360.4 1 0
cheat-go/pkg/notes/manager.go:361.3,361.26 1 2
cheat-go/pkg/notes/manager.go:361.26,363.4 1 0
cheat-go/pkg/notes/manager.go:364.3,364.25 1 2
cheat-go/pkg/notes/manager.go:364.25,366.4 1 1
cheat-go/pkg/notes/manager.go:368.3,370.30 2 2
cheat-go/pkg/notes/manager.go:370.30,372.44 2 1
cheat-go/pkg/notes/manager.go:372.44,374.5 1 1
cheat-go/pkg/notes/manager.go:377.3,379.41 1 2
cheat-go/pkg/notes/manager.go:382.2,382.28 1 1
cheat-go/pkg/notes/manager.go:385.26,387.2 1 12
cheat-go/pkg/notes/manager.go:389.24,390.11 1 0
cheat-go/pkg/notes/manager.go:390.11,392.3 1 0
cheat-go/pkg/notes/manager.go:393.2,393.10 1 0
cheat-go/pkg/notes/manager.go:403.71,409.2 1 2
cheat-go/pkg/notes/manager.go:411.52,416.16 4 1
cheat-go/pkg/notes/manager.go:416.16,418.3 1 0
cheat-go/pkg/notes/manager.go:420.2,421.16 2 1
cheat-go/pkg/notes/manager.go:421.16,423.3 1 0
cheat-go/pkg/notes/manager.go:425.2,426.25 2 1
cheat-go/pkg/notes/manager.go:426.25,427.66 1 1
cheat-go/pkg/notes/manager.go:427.66,429.4 1 0
cheat-go/pkg/notes/manager.go:432.2,442.20 3 1
cheat-go/pkg/notes/manager.go:445.88,449.20 3 3
cheat-go/pkg/notes/manager.go:450.17,452.13 1 1
cheat-go/pkg/notes/manager.go:453.18,455.67 1 1
cheat-go/pkg/notes/manager.go:456.13,459.54 2 1
cheat-go/pkg/notes/manager.go:460.10,461.47 1 0
cheat-go/pkg/notes/manager.go:465.64,466.37 1 0
cheat-go/pkg/notes/manager.go:466.37,468.66 2 0
cheat-go/pkg/notes/manager.go:468.66,470.4 1 0
cheat-go/pkg/notes/manager.go:472.2,472.12 1 0
cheat-go/pkg/notes/manager.go:475.56,479.30 3 1
cheat-go/pkg/notes/manager.go:479.30,481.3 1 1
cheat-go/pkg/notes/manager.go:483.2,483.34 1 1
cheat-go/pkg/notes/manager.go:483.34,484.60 1 1
cheat-go/pkg/notes/manager.go:484.60,485.51 1 1
cheat-go/pkg/notes/manager.go:485.51,492.5 1 1
cheat-go/pkg/notes/manager.go:496.2,496.18 1 1
cheat-go/pkg/notes/manager.go:499.44,513.45 2 1
cheat-go/pkg/notes/manager.go:513.45,517.3 3 1
cheat-go/pkg/notes/manager.go:519.2,519.15 1 1
cheat-go/pkg/notes/manager.go:522.49,524.28 2 1
cheat-go/pkg/notes/manager.go:524.28,526.3 1 0
cheat-go/pkg/notes/manager.go:527.2,527.29 1 1
cheat-go/pkg/notes/manager.go:527.29,529.3 1 0
cheat-go/pkg/notes/manager.go:531.2,532.26 2 1
cheat-go/pkg/notes/manager.go:532.26,534.3 1 0
cheat-go/pkg/notes/manager.go:535.2,536.15 2 1
cheat-go/pkg/notes/manager.go:539.68,542.26 2 1
cheat-go/pkg/notes/manager.go:542.26,544.3 1 0
cheat-go/pkg/notes/manager.go:545.2,545.27 1 1
cheat-go/pkg/notes/manager.go:545.27,546.48 1 0
cheat-go/pkg/notes/manager.go:546.48,548.4 1 0
cheat-go/pkg/notes/manager.go:551.2,552.32 2 1
cheat-go/pkg/notes/manager.go:552.32,554.3 1 0
cheat-go/pkg/notes/manager.go:556.2,556.15 1 1
cheat-go/pkg/notes/manager.go:559.60,560.71 1 0
cheat-go/pkg/notes/manager.go:560.71,562.3 1 0
cheat-go/pkg/notes/manager.go:563.2,563.19 1 0
cheat-go/pkg/plugins/builtin.go:17.68,23.2 1 6
cheat-go/pkg/plugins/builtin.go:25.38,27.2 1 2
cheat-go/pkg/plugins/builtin.go:29.41,31.2 1 1
cheat-go/pkg/plugins/builtin.go:33.40,35.2 1 1
cheat-go/pkg/plugins/builtin.go:37.45,39.2 1 0
cheat-go/pkg/plugins/builtin.go:41.66,42.19 1 1
cheat-go/pkg/plugins/builtin.go:42.19,43.28 1 1
cheat-go/pkg/plugins/builtin.go:43.28,45.4 1 1
cheat-go/pkg/plugins/builtin.go:47.2,47.12 1 1
cheat-go/pkg/plugins/builtin.go:50.74,52.24 2 0
cheat-go/pkg/plugins/builtin.go:52.24,54.3 1 0
cheat-go/pkg/plugins/builtin.go:56.2,58.16 3 0
cheat-go/pkg/plugins/builtin.go:58.16,60.3 1 0
cheat-go/pkg/plugins/builtin.go:62.2,62.12 1 0
cheat-go/pkg/plugins/builtin.go:65.40,67.2 1 1
cheat-go/pkg/plugins/builtin.go:80.72,80.89 1 0
cheat-go/pkg/plugins/builtin.go:81.72,81.92 1 0
cheat-go/pkg/plugins/builtin.go:82.72,82.91 1 0
cheat-go/pkg/plugins/builtin.go:83.72,83.96 1 0
cheat-go/pkg/plugins/builtin.go:84.72,84.86 1 0
cheat-go/pkg/plugins/builtin.go:85.72,85.86 1 0
cheat-go/pkg/plugins/builtin.go:86.72,86.86 1 0
cheat-go/pkg/plugins/builtin.go:88.46,97.2 1 0
cheat-go/pkg/plugins/builtin.go:99.69,101.2 1 0
cheat-go/pkg/plugins/builtin.go:103.56,105.2 1 0
cheat-go/pkg/plugins/builtin.go:111.54,120.2 1 0
cheat-go/pkg/plugins/builtin.go:122.73,127.2 3 0
cheat-go/pkg/plugins/builtin.go:129.60,131.2 1 0
cheat-go/pkg/plugins/loader.go:34.40,35.20 1 6
cheat-go/pkg/plugins/loader.go:35.20,37.3 1 2
cheat-go/pkg/plugins/loader.go:39.2,43.3 1 6
cheat-go/pkg/plugins/loader.go:46.38,50.16 3 2
cheat-go/pkg/plugins/loader.go:50.16,52.3 1 2
cheat-go/pkg/plugins/loader.go:54.2,57.13 3 2
cheat-go/pkg/plugins/loader.go:60.34,61.35 1 0
cheat-go/pkg/plugins/loader.go:61.35,62.50 1 0
cheat-go/pkg/plugins/loader.go:62.50,63.12 1 0
cheat-go/pkg/plugins/loader.go:66.2,66.12 1 0
cheat-go/pkg/plugins/loader.go:69.54,70.48 1 1
cheat-go/pkg/plugins/loader.go:70.48,72.3 1 0
cheat-go/pkg/plugins/loader.go:74.2,75.16 2 1
cheat-go/pkg/plugins/loader.go:75.16,77.3 1 0
cheat-go/pkg/plugins/loader.go:79.2,79.32 1 1
cheat-go/pkg/plugins/loader.go:79.32,80.20 1 3
cheat-go/pkg/plugins/loader.go:80.20,81.12 1 0
cheat-go/pkg/plugins/loader.go:84.3,86.45 2 3
cheat-go/pkg/plugins/loader.go:86.45,87.51 1 0
cheat-go/pkg/plugins/loader.go:87.51,88.13 1 0
cheat-go/pkg/plugins/loader.go:90.9,90.97 1 3
cheat-go/pkg/plugins/loader.go:90.97,91.51 1 2
cheat-go/pkg/plugins/loader.go:91.51,92.13 1 0
cheat-go/pkg/plugins/loader.go:97.2,97.12 1 1
cheat-go/pkg/plugins/loader.go:100.54,104.2 1 0
cheat-go/pkg/plugins/loader.go:106.54,108.16 2 5
cheat-go/pkg/plugins/loader.go:108.16,110.3 1 0
cheat-go/pkg/plugins/loader.go:111.2,114.16 3 5
cheat-go/pkg/plugins/loader.go:114.16,116.3 1 0
cheat-go/pkg/plugins/loader.go:118.2,119.56 2 5
cheat-go/pkg/plugins/loader.go:119.56,121.3 1 0
cheat-go/pkg/plugins/loader.go:123.2,131.57 3 5
cheat-go/pkg/plugins/loader.go:134.57,136.2 1 2
cheat-go/pkg/plugins/loader.go:138.48,140.36 2 1
cheat-go/pkg/plugins/loader.go:140.36,142.3 1 2
cheat-go/pkg/plugins/loader.go:143.2,143.16 1 1
cheat-go/pkg/plugins/loader.go:146.50,147.53 1 1
cheat-go/pkg/plugins/loader.go:147.53,148.49 1 1
cheat-go/pkg/plugins/loader.go:148.49,150.4 1 0
cheat-go/pkg/plugins/loader.go:151.3,151.32 1 1
cheat-go/pkg/plugins/loader.go:154.2,154.36 1 1
cheat-go/pkg/plugins/loader.go:157.54,159.44 2 1
cheat-go/pkg/plugins/loader.go:159.44,161.3 1 1
cheat-go/pkg/plugins/loader.go:163.2,165.29 3 1
cheat-go/pkg/plugins/types.go:54.30,58.2 1 7
cheat-go/pkg/plugins/types.go:60.63,61.42 1 7
cheat-go/pkg/plugins/types.go:61.42,63.3 1 1
cheat-go/pkg/plugins/types.go:64.2,65.12 2 6
cheat-go/pkg/plugins/types.go:68.53,70.13 2 4
cheat-go/pkg/plugins/types.go:70.13,72.3 1 2
cheat-go/pkg/plugins/types.go:73.2,73.20 1 2
cheat-go/pkg/plugins/types.go:76.36,78.30 2 1
cheat-go/pkg/plugins/types.go:78.30,80.3 1 1
cheat-go/pkg/plugins/types.go:81.2,81.14 1 1
cheat-go/pkg/plugins/types.go:84.50,85.43 1 3
cheat-go/pkg/plugins/types.go:85.43,87.3 1 1
cheat-go/pkg/plugins/types.go:88.2,89.12 2 2
cheat-go/pkg/sync/sync.go:73.77,75.16 2 0
cheat-go/pkg/sync/sync.go:75.16,77.3 1 0
cheat-go/pkg/sync/sync.go:79.2,85.8 1 0
cheat-go/pkg/sync/sync.go:88.41,89.12 1 0
cheat-go/pkg/sync/sync.go:89.12,93.7 3 0
cheat-go/pkg/sync/sync.go:93.7,94.11 1 0
cheat-go/pkg/sync/sync.go:95.20,96.36 1 0
cheat-go/pkg/sync/sync.go:96.36,98.6 1 0
cheat-go/pkg/sync/sync.go:99.22,100.11 1 0
cheat-go/pkg/sync/sync.go:105.2,105.12 1 0
cheat-go/pkg/sync/sync.go:108.34,110.2 1 0
cheat-go/pkg/sync/sync.go:112.32,114.17 2 0
cheat-go/pkg/sync/sync.go:114.17,117.3 2 0
cheat-go/pkg/sync/sync.go:118.2,121.15 3 0
cheat-go/pkg/sync/sync.go:121.15,125.3 3 0
cheat-go/pkg/sync/sync.go:127.2,128.16 2 0
cheat-go/pkg/sync/sync.go:128.16,130.3 1 0
cheat-go/pkg/sync/sync.go:132.2,133.16 2 0
cheat-go/pkg/sync/sync.go:133.16,135.3 1 0
cheat-go/pkg/sync/sync.go:137.2,138.24 2 0
cheat-go/pkg/sync/sync.go:138.24,143.59 4 0
cheat-go/pkg/sync/sync.go:143.59,145.4 1 0
cheat-go/pkg/sync/sync.go:148.2,150.52 2 0
cheat-go/pkg/sync/sync.go:150.52,152.3 1 0
cheat-go/pkg/sync/sync.go:154.2,154.52 1 0
cheat-go/pkg/sync/sync.go:154.52,156.3 1 0
cheat-go/pkg/sync/sync.go:158.2,163.12 5 0
cheat-go/pkg/sync/sync.go:166.46,177.2 3 0
cheat-go/pkg/sync/sync.go:179.87,183.39 3 0
cheat-go/pkg/sync/sync.go:183.39,184.28 1 0
cheat-go/pkg/sync/sync.go:184.28,185.74 1 0
cheat-go/pkg/sync/sync.go:185.74,187.5 1 0
cheat-go/pkg/sync/sync.go:189.4,190.14 2 0
cheat-go/pkg/sync/sync.go:194.2,194.53 1 0
cheat-go/pkg/sync/sync.go:197.56,205.45 3 0
cheat-go/pkg/sync/sync.go:205.45,207.17 2 0
cheat-go/pkg/sync/sync.go:207.17,209.4 1 0
cheat-go/pkg/sync/sync.go:212.2,213.46 2 0
cheat-go/pkg/sync/sync.go:213.46,215.17 2 0
cheat-go/pkg/sync/sync.go:215.17,217.4 1 0
cheat-go/pkg/sync/sync.go:220.2,222.18 2 0
cheat-go/pkg/sync/sync.go:225.55,226.24 1 0
cheat-go/pkg/sync/sync.go:226.24,229.64 3 0
cheat-go/pkg/sync/sync.go:229.64,231.4 1 0
cheat-go/pkg/sync/sync.go:234.2,234.25 1 0
cheat-go/pkg/sync/sync.go:234.25,237.66 3 0
cheat-go/pkg/sync/sync.go:237.66,239.4 1 0
cheat-go/pkg/sync/sync.go:242.2,242.12 1 0
cheat-go/pkg/sync/sync.go:245.71,248.35 2 0
cheat-go/pkg/sync/sync.go:248.35,250.3 1 0
cheat-go/pkg/sync/sync.go:253.2,254.36 2 0
cheat-go/pkg/sync/sync.go:254.36,256.3 1 0
cheat-go/pkg/sync/sync.go:258.2,258.40 1 0
cheat-go/pkg/sync/sync.go:258.40,259.65 1 0
cheat-go/pkg/sync/sync.go:259.65,260.51 1 0
cheat-go/pkg/sync/sync.go:260.51,268.5 1 0
cheat-go/pkg/sync/sync.go:272.2,272.18 1 0
cheat-go/pkg/sync/sync.go:275.64,282.18 2 0
cheat-go/pkg/sync/sync.go:282.18,286.3 3 0
cheat-go/pkg/sync/sync.go:288.2,288.62 1 0
cheat-go/pkg/sync/sync.go:288.62,292.3 3 0
cheat-go/pkg/sync/sync.go:294.2,296.15 2 0
cheat-go/pkg/sync/sync.go:299.68,300.37 1 0
cheat-go/pkg/sync/sync.go:300.37,302.73 2 0
cheat-go/pkg/sync/sync.go:302.73,304.4 1 0
cheat-go/pkg/sync/sync.go:306.2,306.12 1 0
cheat-go/pkg/sync/sync.go:309.77,310.23 1 0
cheat-go/pkg/sync/sync.go:311.14,315.54 3 0
cheat-go/pkg/sync/sync.go:315.54,317.4 1 0
cheat-go/pkg/sync/sync.go:318.3,318.20 1 0
cheat-go/pkg/sync/sync.go:320.10,321.19 1 0
cheat-go/pkg/sync/sync.go:325.60,329.2 3 0
cheat-go/pkg/sync/sync.go:331.58,334.54 2 0
cheat-go/pkg/sync/sync.go:334.54,336.3 1 0
cheat-go/pkg/sync/sync.go:338.2,340.51 2 0
cheat-go/pkg/sync/sync.go:340.51,342.3 1 0
cheat-go/pkg/sync/sync.go:344.2,344.73 1 0
cheat-go/pkg/sync/sync.go:344.73,346.3 1 0
cheat-go/pkg/sync/sync.go:348.2,348.22 1 0
cheat-go/pkg/sync/sync.go:351.32,357.2 5 0
cheat-go/pkg/sync/sync.go:374.69,382.2 1 0
cheat-go/pkg/sync/sync.go:384.54,386.16 2 0
cheat-go/pkg/sync/sync.go:386.16,388.3 1 0
cheat-go/pkg/sync/sync.go:390.2,391.16 2 0
cheat-go/pkg/sync/sync.go:391.16,393.3 1 0
cheat-go/pkg/sync/sync.go:395.2,399.16 4 0
cheat-go/pkg/sync/sync.go:399.16,401.3 1 0
cheat-go/pkg/sync/sync.go:402.2,404.38 2 0
cheat-go/pkg/sync/sync.go:404.38,407.3 2 0
cheat-go/pkg/sync/sync.go:409.2,409.12 1 0
cheat-go/pkg/sync/sync.go:412.54,414.16 2 0
cheat-go/pkg/sync/sync.go:414.16,416.3 1 0
cheat-go/pkg/sync/sync.go:418.2,421.16 3 0
cheat-go/pkg/sync/sync.go:421.16,423.3 1 0
cheat-go/pkg/sync/sync.go:424.2,426.44 2 0
cheat-go/pkg/sync/sync.go:426.44,428.3 1 0
cheat-go/pkg/sync/sync.go:430.2,430.38 1 0
cheat-go/pkg/sync/sync.go:430.38,433.3 2 0
cheat-go/pkg/sync/sync.go:435.2,436.65 2 0
cheat-go/pkg/sync/sync.go:436.65,438.3 1 0
cheat-go/pkg/sync/sync.go:440.2,440.19 1 0
cheat-go/pkg/sync/sync.go:443.61,445.16 2 0
cheat-go/pkg/sync/sync.go:445.16,447.3 1 0
cheat-go/pkg/sync/sync.go:449.2,452.16 3 0
cheat-go/pkg/sync/sync.go:452.16,454.3 1 0
cheat-go/pkg/sync/sync.go:455.2,461.67 3 0
cheat-go/pkg/sync/sync.go:461.67,463.3 1 0
cheat-go/pkg/sync/sync.go:465.2,465.29 1 0
cheat-go/pkg/sync/sync.go:468.96,475.16 3 0
cheat-go/pkg/sync/sync.go:475.16,477.3 1 0
cheat-go/pkg/sync/sync.go:479.2,480.16 2 0
cheat-go/pkg/sync/sync.go:480.16,482.3 1 0
cheat-go/pkg/sync/sync.go:484.2,488.16 4 0
cheat-go/pkg/sync/sync.go:488.16,490.3 1 0
cheat-go/pkg/sync/sync.go:491.2,493.38 2 0
cheat-go/pkg/sync/sync.go:493.38,496.3 2 0
cheat-go/pkg/sync/sync.go:498.2,498.12 1 0
cheat-go/pkg/online/client.go:30.48,41.2 1 5
cheat-go/pkg/online/client.go:43.62,45.84 2 1
cheat-go/pkg/online/client.go:45.84,49.3 3 0
cheat-go/pkg/online/client.go:50.2,53.16 3 1
cheat-go/pkg/online/client.go:53.16,55.3 1 0
cheat-go/pkg/online/client.go:56.2,58.38 2 1
cheat-go/pkg/online/client.go:58.38,60.3 1 0
cheat-go/pkg/online/client.go:62.2,63.66 2 1
cheat-go/pkg/online/client.go:63.66,65.3 1 0
cheat-go/pkg/online/client.go:67.2,72.19 5 1
cheat-go/pkg/online/client.go:75.82,77.22 2 1
cheat-go/pkg/online/client.go:77.22,79.3 1 1
cheat-go/pkg/online/client.go:80.2,80.24 1 1
cheat-go/pkg/online/client.go:80.24,82.3 1 0
cheat-go/pkg/online/client.go:83.2,83.27 1 1
cheat-go/pkg/online/client.go:83.27,85.3 1 0
cheat-go/pkg/online/client.go:86.2,86.24 1 1
cheat-go/pkg/online/client.go:86.24,88.3 1 1
cheat-go/pkg/online/client.go:89.2,89.23 1 1
cheat-go/pkg/online/client.go:89.23,91.3 1 0
cheat-go/pkg/online/client.go:92.2,92.20 1 1
cheat-go/pkg/online/client.go:92.20,94.3 1 1
cheat-go/pkg/online/client.go:95.2,95.21 1 1
cheat-go/pkg/online/client.go:95.21,97.3 1 0
cheat-go/pkg/online/client.go:99.2,101.16 3 1
cheat-go/pkg/online/client.go:101.16,103.3 1 0
cheat-go/pkg/online/client.go:104.2,106.38 2 1
cheat-go/pkg/online/client.go:106.38,108.3 1 0
cheat-go/pkg/online/client.go:110.2,111.67 2 1
cheat-go/pkg/online/client.go:111.67,113.3 1 0
cheat-go/pkg/online/client.go:115.2,115.20 1 1
cheat-go/pkg/online/client.go:118.68,120.55 2 2
cheat-go/pkg/online/client.go:120.55,123.3 2 1
cheat-go/pkg/online/client.go:124.2,127.16 3 1
cheat-go/pkg/online/client.go:127.16,129.3 1 0
cheat-go/pkg/online/client.go:130.2,132.44 2 1
cheat-go/pkg/online/client.go:132.44,134.3 1 0
cheat-go/pkg/online/client.go:135.2,135.38 1 1
cheat-go/pkg/online/client.go:135.38,137.3 1 0
cheat-go/pkg/online/client.go:139.2,140.66 2 1
cheat-go/pkg/online/client.go:140.66,142.3 1 0
cheat-go/pkg/online/client.go:144.2,148.20 4 1
cheat-go/pkg/online/client.go:151.71,153.16 2 0
cheat-go/pkg/online/client.go:153.16,155.3 1 0
cheat-go/pkg/online/client.go:157.2,157.24 1 0
cheat-go/pkg/online/client.go:160.63,162.16 2 1
cheat-go/pkg/online/client.go:162.16,164.3 1 0
cheat-go/pkg/online/client.go:166.2,171.16 2 1
cheat-go/pkg/online/client.go:171.16,173.3 1 0
cheat-go/pkg/online/client.go:174.2,176.79 2 1
cheat-go/pkg/online/client.go:176.79,179.3 2 0
cheat-go/pkg/online/client.go:181.2,181.12 1 1
cheat-go/pkg/online/client.go:184.70,185.30 1 2
cheat-go/pkg/online/client.go:185.30,187.3 1 1
cheat-go/pkg/online/client.go:189.2,196.16 3 1
cheat-go/pkg/online/client.go:196.16,198.3 1 0
cheat-go/pkg/online/client.go:199.2,202.16 3 1
cheat-go/pkg/online/client.go:202.16,204.3 1 0
cheat-go/pkg/online/client.go:205.2,207.38 2 1
cheat-go/pkg/online/client.go:207.38,210.3 2 0
cheat-go/pkg/online/client.go:212.2,214.12 2 1
cheat-go/pkg/online/client.go:223.34,228.2 1 1
cheat-go/pkg/online/client.go:230.41,249.2 1 1
cheat-go/pkg/online/client.go:251.40,276.2 1 1
cheat-go/pkg/online/client.go:278.62,282.2 3 1
cheat-go/pkg/online/client.go:284.82,289.38 4 1
cheat-go/pkg/online/client.go:289.38,290.102 1 2
cheat-go/pkg/online/client.go:290.102,291.12 1 1
cheat-go/pkg/online/client.go:293.3,293.58 1 1
cheat-go/pkg/online/client.go:293.58,294.12 1 0
cheat-go/pkg/online/client.go:296.3,296.67 1 1
cheat-go/pkg/online/client.go:296.67,297.12 1 0
cheat-go/pkg/online/client.go:299.3,299.35 1 1
cheat-go/pkg/online/client.go:302.2,302.49 1 1
cheat-go/pkg/online/client.go:302.49,304.3 1 0
cheat-go/pkg/online/client.go:306.2,306.21 1 1
cheat-go/pkg/online/client.go:309.68,313.38 3 1
cheat-go/pkg/online/client.go:313.38,314.21 1 1
cheat-go/pkg/online/client.go:314.21,316.4 1 1
cheat-go/pkg/online/client.go:318.2,318.49 1 0
cheat-go/pkg/online/client.go:321.71,323.16 2 0
cheat-go/pkg/online/client.go:323.16,325.3 1 0
cheat-go/pkg/online/client.go:326.2,326.24 1 0
cheat-go/pkg/online/client.go:329.63,338.2 7 1
cheat-go/pkg/online/client.go:340.70,344.38 3 1
cheat-go/pkg/online/client.go:344.38,345.21 1 1
cheat-go/pkg/online/client.go:345.21,348.4 2 1
cheat-go/pkg/online/client.go:350.2,350.44 1 0
cheat-go/pkg/ui/table.go:17.52,23.2 1 15
cheat-go/pkg/ui/table.go:26.78,27.20 1 14
cheat-go/pkg/ui/table.go:27.20,29.3 1 3
cheat-go/pkg/ui/table.go:31.2,35.27 3 11
cheat-go/pkg/ui/table.go:35.27,36.28 1 127
cheat-go/pkg/ui/table.go:36.28,37.58 1 553
cheat-go/pkg/ui/table.go:37.58,39.5 1 39
cheat-go/pkg/ui/table.go:44.2,44.27 1 11
cheat-go/pkg/ui/table.go:44.27,45.28 1 127
cheat-go/pkg/ui/table.go:45.28,51.14 5 553
cheat-go/pkg/ui/table.go:51.14,53.5 1 23
cheat-go/pkg/ui/table.go:54.4,54.36 1 553
cheat-go/pkg/ui/table.go:54.36,56.5 1 10
cheat-go/pkg/ui/table.go:58.4,59.22 2 553
cheat-go/pkg/ui/table.go:59.22,61.5 1 427
cheat-go/pkg/ui/table.go:63.3,66.13 2 127
cheat-go/pkg/ui/table.go:66.13,67.32 1 11
cheat-go/pkg/ui/table.go:67.32,69.29 2 23
cheat-go/pkg/ui/table.go:69.29,71.6 1 13
cheat-go/pkg/ui/table.go:73.4,73.23 1 11
cheat-go/pkg/ui/table.go:77.2,77.19 1 11
cheat-go/pkg/ui/table.go:81.43,83.2 1 1
cheat-go/pkg/ui/table.go:86.53,88.2 1 0
cheat-go/pkg/ui/table.go:91.48,93.2 1 0
cheat-go/pkg/ui/table.go:96.77,97.22 1 12
cheat-go/pkg/ui/table.go:97.22,99.3 1 1
cheat-go/pkg/ui/table.go:102.2,105.45 3 11
cheat-go/pkg/ui/table.go:105.45,107.3 1 7
cheat-go/pkg/ui/table.go:110.2,111.17 2 4
cheat-go/pkg/ui/table.go:111.17,113.3 1 0
cheat-go/pkg/ui/table.go:116.2,126.58 6 4
cheat-go/pkg/ui/table.go:130.113,131.20 1 2
cheat-go/pkg/ui/table.go:131.20,133.3 1 0
cheat-go/pkg/ui/table.go:135.2,139.27 3 2
cheat-go/pkg/ui/table.go:139.27,140.28 1 6
cheat-go/pkg/ui/table.go:140.28,141.58 1 12
cheat-go/pkg/ui/table.go:141.58,143.5 1 4
cheat-go/pkg/ui/table.go:148.2,148.27 1 2
cheat-go/pkg/ui/table.go:148.27,149.28 1 6
cheat-go/pkg/ui/table.go:149.28,155.33 4 12
cheat-go/pkg/ui/table.go:155.33,157.5 1 4
cheat-go/pkg/ui/table.go:159.4,162.14 3 12
cheat-go/pkg/ui/table.go:162.14,164.5 1 4
cheat-go/pkg/ui/table.go:165.4,165.36 1 12
cheat-go/pkg/ui/table.go:165.36,167.5 1 2
cheat-go/pkg/ui/table.go:169.4,170.22 2 12
cheat-go/pkg/ui/table.go:170.22,172.5 1 6
cheat-go/pkg/ui/table.go:174.3,177.13 2 6
cheat-go/pkg/ui/table.go:177.13,178.32 1 2
cheat-go/pkg/ui/table.go:178.32,180.29 2 4
cheat-go/pkg/ui/table.go:180.29,182.6 1 2
cheat-go/pkg/ui/table.go:184.4,184.23 1 2
cheat-go/pkg/ui/table.go:188.2,188.19 1 2
cheat-go/pkg/ui/table.go:192.94,195.2 2 2
cheat-go/pkg/ui/theme.go:20.28,33.2 1 26
cheat-go/pkg/ui/theme.go:36.25,49.2 1 6
cheat-go/pkg/ui/theme.go:52.26,65.2 1 0
cheat-go/pkg/ui/theme.go:68.28,81.2 1 0
cheat-go/pkg/ui/theme.go:84.35,85.14 1 6
cheat-go/pkg/ui/theme.go:86.14,87.21 1 2
cheat-go/pkg/ui/theme.go:88.15,89.22 1 0
cheat-go/pkg/ui/theme.go:90.17,91.24 1 0
cheat-go/pkg/ui/theme.go:92.10,93.24 1 4
cheat-go/pkg/ui/theme.go:98.36,100.2 1 0
