mode: set
cheat-go/pkg/cache/cache.go:57.57,70.2 3 1
cheat-go/pkg/cache/cache.go:72.57,77.13 4 1
cheat-go/pkg/cache/cache.go:77.13,80.3 2 1
cheat-go/pkg/cache/cache.go:83.2,86.38 3 1
cheat-go/pkg/cache/cache.go:86.38,90.3 3 1
cheat-go/pkg/cache/cache.go:92.2,96.25 4 1
cheat-go/pkg/cache/cache.go:99.80,105.22 4 1
cheat-go/pkg/cache/cache.go:105.22,107.3 1 1
cheat-go/pkg/cache/cache.go:110.2,110.45 1 1
cheat-go/pkg/cache/cache.go:110.45,121.3 10 1
cheat-go/pkg/cache/cache.go:124.2,124.60 1 1
cheat-go/pkg/cache/cache.go:124.60,126.3 1 1
cheat-go/pkg/cache/cache.go:128.2,140.12 5 1
cheat-go/pkg/cache/cache.go:143.45,148.13 4 1
cheat-go/pkg/cache/cache.go:148.13,150.3 1 1
cheat-go/pkg/cache/cache.go:152.2,153.12 2 1
cheat-go/pkg/cache/cache.go:156.34,165.2 6 1
cheat-go/pkg/cache/cache.go:167.39,175.2 5 1
cheat-go/pkg/cache/cache.go:177.27,179.2 1 1
cheat-go/pkg/cache/cache.go:181.34,185.6 3 1
cheat-go/pkg/cache/cache.go:185.6,186.10 1 1
cheat-go/pkg/cache/cache.go:187.19,188.15 1 0
cheat-go/pkg/cache/cache.go:189.24,190.10 1 1
cheat-go/pkg/cache/cache.go:195.30,201.47 4 1
cheat-go/pkg/cache/cache.go:201.47,203.32 2 1
cheat-go/pkg/cache/cache.go:203.32,207.4 3 1
cheat-go/pkg/cache/cache.go:207.9,208.9 1 1
cheat-go/pkg/cache/cache.go:212.2,212.25 1 1
cheat-go/pkg/cache/cache.go:215.34,217.17 2 1
cheat-go/pkg/cache/cache.go:217.17,220.3 2 1
cheat-go/pkg/cache/cache.go:223.54,228.2 4 1
cheat-go/pkg/cache/cache.go:230.58,233.16 2 1
cheat-go/pkg/cache/cache.go:233.16,235.3 1 1
cheat-go/pkg/cache/cache.go:236.2,236.25 1 1
cheat-go/pkg/cache/cache.go:247.75,248.52 1 1
cheat-go/pkg/cache/cache.go:248.52,250.3 1 1
cheat-go/pkg/cache/cache.go:252.2,259.19 3 1
cheat-go/pkg/cache/cache.go:262.58,269.16 5 1
cheat-go/pkg/cache/cache.go:269.16,270.25 1 1
cheat-go/pkg/cache/cache.go:270.25,273.4 2 1
cheat-go/pkg/cache/cache.go:274.3,274.18 1 0
cheat-go/pkg/cache/cache.go:277.2,277.40 1 1
cheat-go/pkg/cache/cache.go:277.40,281.3 3 1
cheat-go/pkg/cache/cache.go:283.2,284.16 2 1
cheat-go/pkg/cache/cache.go:284.16,286.3 1 0
cheat-go/pkg/cache/cache.go:288.2,289.53 2 1
cheat-go/pkg/cache/cache.go:289.53,291.3 1 1
cheat-go/pkg/cache/cache.go:293.2,294.19 2 1
cheat-go/pkg/cache/cache.go:297.81,302.16 4 1
cheat-go/pkg/cache/cache.go:302.16,304.3 1 0
cheat-go/pkg/cache/cache.go:306.2,307.43 2 1
cheat-go/pkg/cache/cache.go:310.46,316.44 4 1
cheat-go/pkg/cache/cache.go:316.44,317.25 1 1
cheat-go/pkg/cache/cache.go:317.25,319.4 1 1
cheat-go/pkg/cache/cache.go:320.3,320.13 1 0
cheat-go/pkg/cache/cache.go:323.2,323.12 1 1
cheat-go/pkg/cache/cache.go:326.35,331.16 4 1
cheat-go/pkg/cache/cache.go:331.16,333.3 1 0
cheat-go/pkg/cache/cache.go:335.2,335.32 1 1
cheat-go/pkg/cache/cache.go:335.32,336.63 1 1
cheat-go/pkg/cache/cache.go:336.63,338.4 1 1
cheat-go/pkg/cache/cache.go:341.2,341.12 1 1
cheat-go/pkg/cache/cache.go:344.40,352.32 6 1
cheat-go/pkg/cache/cache.go:352.32,353.63 1 1
cheat-go/pkg/cache/cache.go:353.63,355.45 2 1
cheat-go/pkg/cache/cache.go:355.45,357.5 1 1
cheat-go/pkg/cache/cache.go:361.2,361.16 1 1
cheat-go/pkg/cache/cache.go:364.52,367.2 1 1
cheat-go/pkg/cache/cache.go:369.35,373.21 3 1
cheat-go/pkg/cache/cache.go:373.21,375.3 1 0
cheat-go/pkg/cache/cache.go:378.31,383.16 4 1
cheat-go/pkg/cache/cache.go:383.16,385.3 1 0
cheat-go/pkg/cache/cache.go:387.2,389.32 2 1
cheat-go/pkg/cache/cache.go:389.32,390.63 1 1
cheat-go/pkg/cache/cache.go:390.63,392.45 2 1
cheat-go/pkg/cache/cache.go:392.45,393.40 1 1
cheat-go/pkg/cache/cache.go:393.40,396.6 2 1
cheat-go/pkg/cache/cache.go:401.2,401.25 1 1
cheat-go/pkg/cache/cache.go:411.116,413.16 2 1
cheat-go/pkg/cache/cache.go:413.16,415.3 1 1
cheat-go/pkg/cache/cache.go:417.2,420.8 1 1
cheat-go/pkg/cache/cache.go:423.64,425.49 1 1
cheat-go/pkg/cache/cache.go:425.49,427.3 1 1
cheat-go/pkg/cache/cache.go:430.2,431.16 2 1
cheat-go/pkg/cache/cache.go:431.16,433.3 1 1
cheat-go/pkg/cache/cache.go:436.2,438.19 2 1
cheat-go/pkg/cache/cache.go:441.87,443.54 1 1
cheat-go/pkg/cache/cache.go:443.54,446.3 1 1
cheat-go/pkg/cache/cache.go:448.2,448.36 1 1
cheat-go/pkg/cache/cache.go:451.52,454.2 2 1
cheat-go/pkg/cache/cache.go:456.41,459.2 2 1
cheat-go/pkg/cache/cache.go:461.46,473.2 3 1
cheat-go/pkg/sync/sync.go:73.77,75.16 2 1
cheat-go/pkg/sync/sync.go:75.16,77.3 1 1
cheat-go/pkg/sync/sync.go:79.2,85.8 1 1
cheat-go/pkg/sync/sync.go:88.41,89.12 1 1
cheat-go/pkg/sync/sync.go:89.12,93.7 3 1
cheat-go/pkg/sync/sync.go:93.7,94.11 1 1
cheat-go/pkg/sync/sync.go:95.20,96.36 1 1
cheat-go/pkg/sync/sync.go:96.36,98.6 1 0
cheat-go/pkg/sync/sync.go:99.22,100.11 1 1
cheat-go/pkg/sync/sync.go:105.2,105.12 1 1
cheat-go/pkg/sync/sync.go:108.34,110.2 1 1
cheat-go/pkg/sync/sync.go:112.32,114.17 2 1
cheat-go/pkg/sync/sync.go:114.17,117.3 2 1
cheat-go/pkg/sync/sync.go:118.2,121.15 3 1
cheat-go/pkg/sync/sync.go:121.15,125.3 3 1
cheat-go/pkg/sync/sync.go:127.2,128.16 2 1
cheat-go/pkg/sync/sync.go:128.16,130.3 1 0
cheat-go/pkg/sync/sync.go:132.2,133.16 2 1
cheat-go/pkg/sync/sync.go:133.16,135.3 1 1
cheat-go/pkg/sync/sync.go:137.2,138.24 2 1
cheat-go/pkg/sync/sync.go:138.24,143.59 4 1
cheat-go/pkg/sync/sync.go:143.59,145.4 1 0
cheat-go/pkg/sync/sync.go:148.2,150.52 2 1
cheat-go/pkg/sync/sync.go:150.52,152.3 1 0
cheat-go/pkg/sync/sync.go:154.2,154.52 1 1
cheat-go/pkg/sync/sync.go:154.52,156.3 1 0
cheat-go/pkg/sync/sync.go:158.2,163.12 5 1
cheat-go/pkg/sync/sync.go:166.46,177.2 3 1
cheat-go/pkg/sync/sync.go:179.87,183.39 3 1
cheat-go/pkg/sync/sync.go:183.39,184.28 1 1
cheat-go/pkg/sync/sync.go:184.28,185.74 1 1
cheat-go/pkg/sync/sync.go:185.74,187.5 1 0
cheat-go/pkg/sync/sync.go:189.4,190.14 2 1
cheat-go/pkg/sync/sync.go:194.2,194.53 1 1
cheat-go/pkg/sync/sync.go:197.56,205.45 3 1
cheat-go/pkg/sync/sync.go:205.45,207.17 2 1
cheat-go/pkg/sync/sync.go:207.17,209.4 1 1
cheat-go/pkg/sync/sync.go:212.2,213.46 2 1
cheat-go/pkg/sync/sync.go:213.46,215.17 2 1
cheat-go/pkg/sync/sync.go:215.17,217.4 1 1
cheat-go/pkg/sync/sync.go:220.2,222.18 2 1
cheat-go/pkg/sync/sync.go:225.55,226.24 1 1
cheat-go/pkg/sync/sync.go:226.24,229.64 3 0
cheat-go/pkg/sync/sync.go:229.64,231.4 1 0
cheat-go/pkg/sync/sync.go:234.2,234.25 1 1
cheat-go/pkg/sync/sync.go:234.25,237.66 3 1
cheat-go/pkg/sync/sync.go:237.66,239.4 1 0
cheat-go/pkg/sync/sync.go:242.2,242.12 1 1
cheat-go/pkg/sync/sync.go:245.71,248.35 2 1
cheat-go/pkg/sync/sync.go:248.35,250.3 1 1
cheat-go/pkg/sync/sync.go:253.2,254.36 2 1
cheat-go/pkg/sync/sync.go:254.36,256.3 1 1
cheat-go/pkg/sync/sync.go:258.2,258.40 1 1
cheat-go/pkg/sync/sync.go:258.40,259.65 1 1
cheat-go/pkg/sync/sync.go:259.65,260.51 1 1
cheat-go/pkg/sync/sync.go:260.51,268.5 1 1
cheat-go/pkg/sync/sync.go:272.2,272.18 1 1
cheat-go/pkg/sync/sync.go:275.64,282.18 2 1
cheat-go/pkg/sync/sync.go:282.18,286.3 3 1
cheat-go/pkg/sync/sync.go:288.2,288.62 1 1
cheat-go/pkg/sync/sync.go:288.62,292.3 3 1
cheat-go/pkg/sync/sync.go:294.2,296.15 2 1
cheat-go/pkg/sync/sync.go:299.68,300.37 1 1
cheat-go/pkg/sync/sync.go:300.37,302.73 2 1
cheat-go/pkg/sync/sync.go:302.73,304.4 1 0
cheat-go/pkg/sync/sync.go:306.2,306.12 1 1
cheat-go/pkg/sync/sync.go:309.77,310.23 1 1
cheat-go/pkg/sync/sync.go:311.14,315.54 3 1
cheat-go/pkg/sync/sync.go:315.54,317.4 1 1
cheat-go/pkg/sync/sync.go:318.3,318.20 1 1
cheat-go/pkg/sync/sync.go:320.10,321.19 1 1
cheat-go/pkg/sync/sync.go:325.60,329.2 3 1
cheat-go/pkg/sync/sync.go:331.58,334.54 2 1
cheat-go/pkg/sync/sync.go:334.54,336.3 1 1
cheat-go/pkg/sync/sync.go:338.2,340.51 2 1
cheat-go/pkg/sync/sync.go:340.51,342.3 1 1
cheat-go/pkg/sync/sync.go:344.2,344.73 1 1
cheat-go/pkg/sync/sync.go:344.73,346.3 1 0
cheat-go/pkg/sync/sync.go:348.2,348.22 1 1
cheat-go/pkg/sync/sync.go:351.32,357.2 5 1
cheat-go/pkg/sync/sync.go:374.69,382.2 1 1
cheat-go/pkg/sync/sync.go:384.54,386.16 2 1
cheat-go/pkg/sync/sync.go:386.16,388.3 1 0
cheat-go/pkg/sync/sync.go:390.2,391.16 2 1
cheat-go/pkg/sync/sync.go:391.16,393.3 1 0
cheat-go/pkg/sync/sync.go:395.2,399.16 4 1
cheat-go/pkg/sync/sync.go:399.16,401.3 1 1
cheat-go/pkg/sync/sync.go:402.2,404.38 2 1
cheat-go/pkg/sync/sync.go:404.38,407.3 2 1
cheat-go/pkg/sync/sync.go:409.2,409.12 1 1
cheat-go/pkg/sync/sync.go:412.54,414.16 2 1
cheat-go/pkg/sync/sync.go:414.16,416.3 1 0
cheat-go/pkg/sync/sync.go:418.2,421.16 3 1
cheat-go/pkg/sync/sync.go:421.16,423.3 1 1
cheat-go/pkg/sync/sync.go:424.2,426.44 2 1
cheat-go/pkg/sync/sync.go:426.44,428.3 1 1
cheat-go/pkg/sync/sync.go:430.2,430.38 1 1
cheat-go/pkg/sync/sync.go:430.38,433.3 2 1
cheat-go/pkg/sync/sync.go:435.2,436.65 2 1
cheat-go/pkg/sync/sync.go:436.65,438.3 1 0
cheat-go/pkg/sync/sync.go:440.2,440.19 1 1
cheat-go/pkg/sync/sync.go:443.61,445.16 2 1
cheat-go/pkg/sync/sync.go:445.16,447.3 1 0
cheat-go/pkg/sync/sync.go:449.2,452.16 3 1
cheat-go/pkg/sync/sync.go:452.16,454.3 1 1
cheat-go/pkg/sync/sync.go:455.2,461.67 3 1
cheat-go/pkg/sync/sync.go:461.67,463.3 1 0
cheat-go/pkg/sync/sync.go:465.2,465.29 1 1
cheat-go/pkg/sync/sync.go:468.96,475.16 3 1
cheat-go/pkg/sync/sync.go:475.16,477.3 1 0
cheat-go/pkg/sync/sync.go:479.2,480.16 2 1
cheat-go/pkg/sync/sync.go:480.16,482.3 1 0
cheat-go/pkg/sync/sync.go:484.2,488.16 4 1
cheat-go/pkg/sync/sync.go:488.16,490.3 1 1
cheat-go/pkg/sync/sync.go:491.2,493.38 2 1
cheat-go/pkg/sync/sync.go:493.38,496.3 2 1
cheat-go/pkg/sync/sync.go:498.2,498.12 1 1
